<?xml version="1.0" encoding="UTF-8"?>
<coverage generated="1656129841214" clover="3.2.0">
  <project timestamp="1656129841214" name="All files">
    <metrics statements="20" coveredstatements="10" conditionals="4" coveredconditionals="0" methods="10" coveredmethods="1" elements="34" coveredelements="11" complexity="0" loc="20" ncloc="20" packages="1" files="1" classes="1"/>
    <file name="index.js" path="E:\MICROVERSE\WEEK 8\Testing-practice\src\index.js">
      <metrics statements="20" coveredstatements="10" conditionals="4" coveredconditionals="0" methods="10" coveredmethods="1"/>
      <line num="3" count="5" type="stmt"/>
      <line num="7" count="0" type="stmt"/>
      <line num="10" count="1" type="stmt"/>
      <line num="11" count="0" type="cond" truecount="0" falsecount="4"/>
      <line num="12" count="0" type="stmt"/>
      <line num="14" count="0" type="stmt"/>
      <line num="17" count="1" type="stmt"/>
      <line num="21" count="0" type="stmt"/>
      <line num="22" count="0" type="stmt"/>
      <line num="26" count="0" type="stmt"/>
      <line num="30" count="0" type="stmt"/>
      <line num="34" count="0" type="stmt"/>
      <line num="38" count="0" type="stmt"/>
      <line num="42" count="1" type="stmt"/>
      <line num="44" count="1" type="stmt"/>
      <line num="45" count="1" type="stmt"/>
      <line num="46" count="1" type="stmt"/>
      <line num="47" count="1" type="stmt"/>
      <line num="48" count="1" type="stmt"/>
      <line num="49" count="1" type="stmt"/>
    </file>
  </project>
</coverage>
