{"E:\\MICROVERSE\\WEEK 8\\Testing-practice\\src\\index.js": {"path":"E:\\MICROVERSE\\WEEK 8\\Testing-practice\\src\\index.js","statementMap":{"0":{"start":{"line":3,"column":2},"end":{"line":3,"column":15}},"1":{"start":{"line":7,"column":2},"end":{"line":7,"column":23}},"2":{"start":{"line":10,"column":22},"end":{"line":15,"column":1}},"3":{"start":{"line":11,"column":2},"end":{"line":13,"column":3}},"4":{"start":{"line":12,"column":4},"end":{"line":12,"column":34}},"5":{"start":{"line":14,"column":2},"end":{"line":14,"column":23}},"6":{"start":{"line":17,"column":22},"end":{"line":17,"column":69}},"7":{"start":{"line":17,"column":34},"end":{"line":17,"column":69}},"8":{"start":{"line":21,"column":4},"end":{"line":21,"column":15}},"9":{"start":{"line":22,"column":4},"end":{"line":22,"column":15}},"10":{"start":{"line":26,"column":4},"end":{"line":26,"column":17}},"11":{"start":{"line":30,"column":4},"end":{"line":30,"column":17}},"12":{"start":{"line":34,"column":4},"end":{"line":34,"column":17}},"13":{"start":{"line":38,"column":4},"end":{"line":38,"column":17}},"14":{"start":{"line":42,"column":19},"end":{"line":42,"column":79}},"15":{"start":{"line":42,"column":31},"end":{"line":42,"column":79}},"16":{"start":{"line":44,"column":0},"end":{"line":44,"column":28}},"17":{"start":{"line":45,"column":0},"end":{"line":45,"column":28}},"18":{"start":{"line":46,"column":0},"end":{"line":46,"column":31}},"19":{"start":{"line":47,"column":0},"end":{"line":47,"column":31}},"20":{"start":{"line":48,"column":0},"end":{"line":48,"column":30}},"21":{"start":{"line":49,"column":0},"end":{"line":49,"column":21}}},"fnMap":{"0":{"name":"sum","decl":{"start":{"line":2,"column":9},"end":{"line":2,"column":12}},"loc":{"start":{"line":2,"column":19},"end":{"line":4,"column":1}},"line":2},"1":{"name":"stringLength","decl":{"start":{"line":6,"column":9},"end":{"line":6,"column":21}},"loc":{"start":{"line":6,"column":30},"end":{"line":8,"column":1}},"line":6},"2":{"name":"(anonymous_2)","decl":{"start":{"line":10,"column":22},"end":{"line":10,"column":23}},"loc":{"start":{"line":10,"column":34},"end":{"line":15,"column":1}},"line":10},"3":{"name":"(anonymous_3)","decl":{"start":{"line":17,"column":22},"end":{"line":17,"column":23}},"loc":{"start":{"line":17,"column":34},"end":{"line":17,"column":69}},"line":17},"4":{"name":"(anonymous_4)","decl":{"start":{"line":20,"column":2},"end":{"line":20,"column":3}},"loc":{"start":{"line":20,"column":20},"end":{"line":23,"column":3}},"line":20},"5":{"name":"(anonymous_5)","decl":{"start":{"line":25,"column":2},"end":{"line":25,"column":3}},"loc":{"start":{"line":25,"column":12},"end":{"line":27,"column":3}},"line":25},"6":{"name":"(anonymous_6)","decl":{"start":{"line":29,"column":2},"end":{"line":29,"column":3}},"loc":{"start":{"line":29,"column":17},"end":{"line":31,"column":3}},"line":29},"7":{"name":"(anonymous_7)","decl":{"start":{"line":33,"column":2},"end":{"line":33,"column":3}},"loc":{"start":{"line":33,"column":15},"end":{"line":35,"column":3}},"line":33},"8":{"name":"(anonymous_8)","decl":{"start":{"line":37,"column":2},"end":{"line":37,"column":3}},"loc":{"start":{"line":37,"column":17},"end":{"line":39,"column":3}},"line":37},"9":{"name":"(anonymous_9)","decl":{"start":{"line":42,"column":19},"end":{"line":42,"column":20}},"loc":{"start":{"line":42,"column":31},"end":{"line":42,"column":79}},"line":42}},"branchMap":{"0":{"loc":{"start":{"line":11,"column":2},"end":{"line":13,"column":3}},"type":"if","locations":[{"start":{"line":11,"column":2},"end":{"line":13,"column":3}},{"start":{},"end":{}}],"line":11},"1":{"loc":{"start":{"line":11,"column":6},"end":{"line":11,"column":45}},"type":"binary-expr","locations":[{"start":{"line":11,"column":6},"end":{"line":11,"column":23}},{"start":{"line":11,"column":27},"end":{"line":11,"column":45}}],"line":11}},"s":{"0":5,"1":0,"2":1,"3":0,"4":0,"5":0,"6":1,"7":0,"8":0,"9":0,"10":0,"11":0,"12":0,"13":0,"14":1,"15":0,"16":1,"17":1,"18":1,"19":1,"20":1,"21":1},"f":{"0":5,"1":0,"2":0,"3":0,"4":0,"5":0,"6":0,"7":0,"8":0,"9":0},"b":{"0":[0,0],"1":[0,0]},"_coverageSchema":"1a1c01bbd47fc00a2c39e90264f33305004495a9","hash":"eeec41be8b4ba5dde60e5104a614905d3f7ea0ec"}
}
