TN:
SF:src\index.js
FN:2,sum
FN:6,stringLength
FN:10,(anonymous_2)
FN:17,(anonymous_3)
FN:20,(anonymous_4)
FN:25,(anonymous_5)
FN:29,(anonymous_6)
FN:33,(anonymous_7)
FN:37,(anonymous_8)
FN:42,(anonymous_9)
FNF:10
FNH:1
FNDA:5,sum
FNDA:0,stringLength
FNDA:0,(anonymous_2)
FNDA:0,(anonymous_3)
FNDA:0,(anonymous_4)
FNDA:0,(anonymous_5)
FNDA:0,(anonymous_6)
FNDA:0,(anonymous_7)
FNDA:0,(anonymous_8)
FNDA:0,(anonymous_9)
DA:3,5
DA:7,0
DA:10,1
DA:11,0
DA:12,0
DA:14,0
DA:17,1
DA:21,0
DA:22,0
DA:26,0
DA:30,0
DA:34,0
DA:38,0
DA:42,1
DA:44,1
DA:45,1
DA:46,1
DA:47,1
DA:48,1
DA:49,1
LF:20
LH:10
BRDA:11,0,0,0
BRDA:11,0,1,0
BRDA:11,1,0,0
BRDA:11,1,1,0
BRF:4
BRH:0
end_of_record
